[19:3:10.395] Global cache location '/Users/ignacy/Library/Caches/typescript/3.7', safe file path '/users/ignacy/.nvm/versions/node/v12.6.0/lib/node_modules/typescript/lib/typingsafelist.json', types map path /users/ignacy/.nvm/versions/node/v12.6.0/lib/node_modules/typescript/lib/typesmap.json
[19:3:10.396] Processing cache location '/Users/ignacy/Library/Caches/typescript/3.7'
[19:3:10.396] Trying to find '/Users/ignacy/Library/Caches/typescript/3.7/package.json'...
[19:3:10.397] Loaded content of '/Users/ignacy/Library/Caches/typescript/3.7/package.json': {"private":true,"dependencies":{"types-registry":"^0.1.487"},"devDependencies":{"@types/atob":"^2.1.2","@types/autoprefixer":"^9.6.1","@types/babel__core":"^7.1.3","@types/bluebird":"^3.5.30","@types/bootbox":"^5.2.0","@types/bootstrap":"^4.3.1","@types/classnames":"^2.2.9","@types/clipboard":"^2.0.1","@types/codemirror":"0.0.84","@types/core-js":"^2.5.2","@types/extend":"^3.0.1","@types/feather-icons":"^4.7.0","@types/jquery":"^3.3.32","@types/js-base64":"^2.3.1","@types/lodash-es":"^4.17.3","@types/mini-css-extract-plugin":"^0.9.0","@types/node-notifier":"^6.0.1","@types/object-path":"^0.11.0","@types/prop-types":"^15.7.3","@types/react":"^16.9.19","@types/react-dom":"^16.9.5","@types/react-select":"^3.0.10","@types/react-text-mask":"^5.4.6","@types/request":"^2.48.4","@types/request-promise":"^4.1.46","@types/sass":"^1.16.0","@types/semver":"^7.1.0","@types/shelljs":"^0.8.7","@types/simplemde":"^1.11.7","@types/sprintf":"^0.1.0","@types/terser-webpack-plugin":"^2.2.0","@types/tough-cookie":"^4.0.0","@types/webpack":"^4.41.6","@types/webpack-dev-server":"^3.10.0","@types/webpack-manifest-plugin":"^2.1.0","@types/which":"^1.3.2"}}
[19:3:10.397] Loaded content of '/Users/ignacy/Library/Caches/typescript/3.7/package-lock.json'
[19:3:10.404] Adding entry into typings cache: 'atob' => '/Users/ignacy/Library/Caches/typescript/3.7/node_modules/@types/atob/index.d.ts'
[19:3:10.407] Adding entry into typings cache: 'autoprefixer' => '/Users/ignacy/Library/Caches/typescript/3.7/node_modules/@types/autoprefixer/index.d.ts'
[19:3:10.409] Adding entry into typings cache: 'babel__core' => '/Users/ignacy/Library/Caches/typescript/3.7/node_modules/@types/babel__core/index.d.ts'
[19:3:10.411] Adding entry into typings cache: 'bluebird' => '/Users/ignacy/Library/Caches/typescript/3.7/node_modules/@types/bluebird/index.d.ts'
[19:3:10.413] Adding entry into typings cache: 'bootbox' => '/Users/ignacy/Library/Caches/typescript/3.7/node_modules/@types/bootbox/index.d.ts'
[19:3:10.418] Adding entry into typings cache: 'bootstrap' => '/Users/ignacy/Library/Caches/typescript/3.7/node_modules/@types/bootstrap/index.d.ts'
[19:3:10.419] Adding entry into typings cache: 'classnames' => '/Users/ignacy/Library/Caches/typescript/3.7/node_modules/@types/classnames/index.d.ts'
[19:3:10.424] Adding entry into typings cache: 'clipboard' => '/Users/ignacy/Library/Caches/typescript/3.7/node_modules/@types/clipboard/index.d.ts'
[19:3:10.426] Adding entry into typings cache: 'codemirror' => '/Users/ignacy/Library/Caches/typescript/3.7/node_modules/@types/codemirror/index.d.ts'
[19:3:10.430] Adding entry into typings cache: 'core-js' => '/Users/ignacy/Library/Caches/typescript/3.7/node_modules/@types/core-js/index.d.ts'
[19:3:10.433] Adding entry into typings cache: 'extend' => '/Users/ignacy/Library/Caches/typescript/3.7/node_modules/@types/extend/index.d.ts'
[19:3:10.434] Adding entry into typings cache: 'feather-icons' => '/Users/ignacy/Library/Caches/typescript/3.7/node_modules/@types/feather-icons/index.d.ts'
[19:3:10.441] Adding entry into typings cache: 'jquery' => '/Users/ignacy/Library/Caches/typescript/3.7/node_modules/@types/jquery/index.d.ts'
[19:3:10.442] Adding entry into typings cache: 'js-base64' => '/Users/ignacy/Library/Caches/typescript/3.7/node_modules/@types/js-base64/index.d.ts'
[19:3:10.444] Adding entry into typings cache: 'lodash-es' => '/Users/ignacy/Library/Caches/typescript/3.7/node_modules/@types/lodash-es/index.d.ts'
[19:3:10.446] Adding entry into typings cache: 'mini-css-extract-plugin' => '/Users/ignacy/Library/Caches/typescript/3.7/node_modules/@types/mini-css-extract-plugin/index.d.ts'
[19:3:10.448] Adding entry into typings cache: 'node-notifier' => '/Users/ignacy/Library/Caches/typescript/3.7/node_modules/@types/node-notifier/index.d.ts'
[19:3:10.449] Adding entry into typings cache: 'object-path' => '/Users/ignacy/Library/Caches/typescript/3.7/node_modules/@types/object-path/index.d.ts'
[19:3:10.450] Adding entry into typings cache: 'prop-types' => '/Users/ignacy/Library/Caches/typescript/3.7/node_modules/@types/prop-types/index.d.ts'
[19:3:10.454] Adding entry into typings cache: 'react' => '/Users/ignacy/Library/Caches/typescript/3.7/node_modules/@types/react/index.d.ts'
[19:3:10.456] Adding entry into typings cache: 'react-dom' => '/Users/ignacy/Library/Caches/typescript/3.7/node_modules/@types/react-dom/index.d.ts'
[19:3:10.458] Adding entry into typings cache: 'react-select' => '/Users/ignacy/Library/Caches/typescript/3.7/node_modules/@types/react-select/index.d.ts'
[19:3:10.460] Adding entry into typings cache: 'react-text-mask' => '/Users/ignacy/Library/Caches/typescript/3.7/node_modules/@types/react-text-mask/index.d.ts'
[19:3:10.461] Adding entry into typings cache: 'request' => '/Users/ignacy/Library/Caches/typescript/3.7/node_modules/@types/request/index.d.ts'
[19:3:10.463] Adding entry into typings cache: 'request-promise' => '/Users/ignacy/Library/Caches/typescript/3.7/node_modules/@types/request-promise/index.d.ts'
[19:3:10.465] Adding entry into typings cache: 'sass' => '/Users/ignacy/Library/Caches/typescript/3.7/node_modules/@types/sass/index.d.ts'
[19:3:10.466] Adding entry into typings cache: 'semver' => '/Users/ignacy/Library/Caches/typescript/3.7/node_modules/@types/semver/index.d.ts'
[19:3:10.478] Adding entry into typings cache: 'shelljs' => '/Users/ignacy/Library/Caches/typescript/3.7/node_modules/@types/shelljs/index.d.ts'
[19:3:10.484] Adding entry into typings cache: 'simplemde' => '/Users/ignacy/Library/Caches/typescript/3.7/node_modules/@types/simplemde/index.d.ts'
[19:3:10.487] Adding entry into typings cache: 'sprintf' => '/Users/ignacy/Library/Caches/typescript/3.7/node_modules/@types/sprintf/index.d.ts'
[19:3:10.498] Adding entry into typings cache: 'terser-webpack-plugin' => '/Users/ignacy/Library/Caches/typescript/3.7/node_modules/@types/terser-webpack-plugin/index.d.ts'
[19:3:10.500] Adding entry into typings cache: 'tough-cookie' => '/Users/ignacy/Library/Caches/typescript/3.7/node_modules/@types/tough-cookie/index.d.ts'
[19:3:10.502] Adding entry into typings cache: 'webpack' => '/Users/ignacy/Library/Caches/typescript/3.7/node_modules/@types/webpack/index.d.ts'
[19:3:10.504] Adding entry into typings cache: 'webpack-dev-server' => '/Users/ignacy/Library/Caches/typescript/3.7/node_modules/@types/webpack-dev-server/index.d.ts'
[19:3:10.506] Adding entry into typings cache: 'webpack-manifest-plugin' => '/Users/ignacy/Library/Caches/typescript/3.7/node_modules/@types/webpack-manifest-plugin/index.d.ts'
[19:3:10.508] Adding entry into typings cache: 'which' => '/Users/ignacy/Library/Caches/typescript/3.7/node_modules/@types/which/index.d.ts'
[19:3:10.508] Finished processing cache location '/Users/ignacy/Library/Caches/typescript/3.7'
[19:3:10.509] Process id: 48422
[19:3:10.509] NPM location: /Users/ignacy/.nvm/versions/node/v12.6.0/bin/npm (explicit '--npmLocation' not  provided)
[19:3:10.509] validateDefaultNpmLocation: false
[19:3:10.509] Npm config file: /Users/ignacy/Library/Caches/typescript/3.7/package.json
[19:3:10.509] Updating types-registry npm package...
[19:3:10.510] Exec: /Users/ignacy/.nvm/versions/node/v12.6.0/bin/npm install --ignore-scripts types-registry@latest
[19:3:12.281]     Succeeded. stdout:
    + types-registry@0.1.487
    updated 1 package and audited 215 packages in 1.215s
found 0 vulnerabilities


[19:3:12.281] Updated types-registry npm package
